<?xml version="1.0" encoding="UTF-8"?><testrun name="TestRunner" project="Opencart_Project_CucumberFramework" tests="1" started="1" failures="0" errors="1" ignored="0">
  <testsuite name="testRunner.TestRunner" time="0.184">
    <testsuite name="EndToEnd" time="0.184">
      <testcase name="Successfully order the product" classname="EndToEnd" time="0.184">
        <error>io.cucumber.junit.UndefinedStepException: The step 'select the cart value' and 3 other step(s) are undefined.
You can implement these steps using the snippet(s) below:

@When("select the cart value")
public void select_the_cart_value() {
    // Write code here that turns the phrase above into concrete actions
    throw new io.cucumber.java.PendingException();
}
@When("click on add to cart")
public void click_on_add_to_cart() {
    // Write code here that turns the phrase above into concrete actions
    throw new io.cucumber.java.PendingException();
}
@Then("verify the confirmation message after add the product to cart")
public void verify_the_confirmation_message_after_add_the_product_to_cart() {
    // Write code here that turns the phrase above into concrete actions
    throw new io.cucumber.java.PendingException();
}
@Then("click on view to verify product added to cart")
public void click_on_view_to_verify_product_added_to_cart() {
    // Write code here that turns the phrase above into concrete actions
    throw new io.cucumber.java.PendingException();
}
&#13;
&#13;
</error>
      </testcase>
    </testsuite>
  </testsuite>
</testrun>
