<?xml version="1.0" encoding="UTF-8"?>
<!-- Generated by org.testng.reporters.JUnitXMLReporter -->
<testsuite hostname="DESKTOP-QFEM0MH" ignored="0" name="Test" tests="7" failures="0" timestamp="2023-06-04T12:49:00 IST" time="120.613" errors="0">
  <testcase name="test_Account_Registration" time="5.271" classname="testCases.TC_001_AccountRegistrationTest"/>
  <testcase name="Login" time="1.838" classname="testCases.TC_002_LoginTest"/>
  <testcase name="searchResult" time="4.262" classname="testCases.TC_004_SearchProductTest"/>
  <testcase name="addToCart" time="5.938" classname="testCases.TC_005_AddToCartPageTest"/>
  <testcase name="verifyShoppingcartPage" time="14.127" classname="testCases.TC_006_ShoppingCartTest"/>
  <testcase name="verifyCheckoutPage" time="26.145" classname="testCases.TC_007_CheckoutTest"/>
  <testcase name="endToEndTesting" time="35.888" classname="testCases.TC_008_EndToEndTest"/>
</testsuite> <!-- Test -->
